<?xml version="1.0" encoding="UTF-8"?>
<!-- Generated by org.testng.reporters.JUnitXMLReporter -->
<testsuite ignored="0" hostname="REM-LT-220110A" failures="0" tests="9" name="Default test" time="5.783" errors="0" timestamp="2022-02-21T07:52:44 CST">
  <testcase classname="com.unosquare.ApplyingEncapsulation" name="GetListUsers" time="1.796"/>
  <testcase classname="com.unosquare.ApplyingEncapsulation" name="GetUser" time="0.248"/>
  <testcase classname="com.unosquare.ApplyingEncapsulation" name="GetUserNotFound" time="0.585"/>
  <testcase classname="com.unosquare.ApplyingEncapsulation" name="GetUserResource" time="0.274"/>
  <testcase classname="com.unosquare.ApplyingEncapsulation" name="PostCreate" time="0.595"/>
  <testcase classname="com.unosquare.ApplyingEncapsulation" name="PostLogin" time="0.543"/>
  <testcase classname="com.unosquare.ApplyingEncapsulation" name="PostRegister" time="0.565"/>
  <testcase classname="com.unosquare.ApplyingEncapsulation" name="PostRegisterUnsuccessfu" time="0.553"/>
  <testcase classname="com.unosquare.ApplyingEncapsulation" name="PutUpdate" time="0.587"/>
</testsuite> <!-- Default test -->
