<?xml version="1.0" encoding="UTF-8"?>
<testng-results ignored="0" total="2" passed="2" failed="0" skipped="0">
  <reporter-output>
    <line>
      <![CDATA[Response body: {"name":"Athziri","job":"QA","id":"268","createdAt":"2022-02-18T18:13:21.369Z"}]]>
    </line>
    <line>
      <![CDATA[Response code: 201]]>
    </line>
    <line>
      <![CDATA[JSON body: src\main\resources\createUser.json]]>
    </line>
    <line>
      <![CDATA[URL: https://reqres.in/api]]>
    </line>
    <line>
      <![CDATA[Response body: {"token":"QpwL5tke4Pnpja7X4"}]]>
    </line>
    <line>
      <![CDATA[Response code: 200]]>
    </line>
    <line>
      <![CDATA[JSON body: src\main\resources\login.json]]>
    </line>
    <line>
      <![CDATA[URL: https://reqres.in/api]]>
    </line>
  </reporter-output>
  <suite started-at="2022-02-18T12:13:39 CST" name="Default suite" finished-at="2022-02-18T12:13:42 CST" duration-ms="3161">
    <groups>
    </groups>
    <test started-at="2022-02-18T12:13:39 CST" name="Default test" finished-at="2022-02-18T12:13:42 CST" duration-ms="3161">
      <class name="com.unosquare.POST_and_JSON_request">
        <test-method is-config="true" signature="beforeMethod()[pri:0, instance:com.unosquare.POST_and_JSON_request@4e7912d8]" started-at="2022-02-18T12:13:39 CST" name="beforeMethod" finished-at="2022-02-18T12:13:39 CST" duration-ms="3" status="PASS">
          <reporter-output>
          </reporter-output>
        </test-method> <!-- beforeMethod -->
        <test-method signature="create()[pri:0, instance:com.unosquare.POST_and_JSON_request@4e7912d8]" started-at="2022-02-18T12:13:39 CST" name="create" finished-at="2022-02-18T12:13:41 CST" duration-ms="2541" status="PASS">
          <reporter-output>
            <line>
              <![CDATA[Response body: {"name":"Athziri","job":"QA","id":"268","createdAt":"2022-02-18T18:13:21.369Z"}]]>
            </line>
            <line>
              <![CDATA[Response code: 201]]>
            </line>
            <line>
              <![CDATA[JSON body: src\main\resources\createUser.json]]>
            </line>
            <line>
              <![CDATA[URL: https://reqres.in/api]]>
            </line>
          </reporter-output>
        </test-method> <!-- create -->
        <test-method is-config="true" signature="beforeMethod()[pri:0, instance:com.unosquare.POST_and_JSON_request@4e7912d8]" started-at="2022-02-18T12:13:41 CST" name="beforeMethod" finished-at="2022-02-18T12:13:41 CST" duration-ms="1" status="PASS">
          <reporter-output>
          </reporter-output>
        </test-method> <!-- beforeMethod -->
        <test-method signature="login()[pri:0, instance:com.unosquare.POST_and_JSON_request@4e7912d8]" started-at="2022-02-18T12:13:41 CST" name="login" finished-at="2022-02-18T12:13:42 CST" duration-ms="589" status="PASS">
          <reporter-output>
            <line>
              <![CDATA[Response body: {"token":"QpwL5tke4Pnpja7X4"}]]>
            </line>
            <line>
              <![CDATA[Response code: 200]]>
            </line>
            <line>
              <![CDATA[JSON body: src\main\resources\login.json]]>
            </line>
            <line>
              <![CDATA[URL: https://reqres.in/api]]>
            </line>
          </reporter-output>
        </test-method> <!-- login -->
      </class> <!-- com.unosquare.POST_and_JSON_request -->
    </test> <!-- Default test -->
  </suite> <!-- Default suite -->
</testng-results>
