<?xml version="1.0" encoding="UTF-8"?>
<testng-results ignored="0" total="2" passed="2" failed="0" skipped="0">
  <reporter-output>
    <line>
      <![CDATA[Sucess 200 validation]]>
    </line>
    <line>
      <![CDATA[{"data":{"id":2,"email":"janet.weaver@reqres.in","first_name":"Janet","last_name":"Weaver","avatar":"https://reqres.in/img/faces/2-image.jpg"},"support":{"url":"https://reqres.in/#support-heading","text":"To keep ReqRes free, contributions towards server costs are appreciated!"}}]]>
    </line>
    <line>
      <![CDATA[Sucess 200 validation]]>
    </line>
  </reporter-output>
  <suite started-at="2022-02-15T10:40:39 CST" name="Default suite" finished-at="2022-02-15T10:40:41 CST" duration-ms="2461">
    <groups>
    </groups>
    <test started-at="2022-02-15T10:40:39 CST" name="Default test" finished-at="2022-02-15T10:40:41 CST" duration-ms="2461">
      <class name="com.unosquare.FirstAPITest">
        <test-method is-config="true" signature="beforeMethod()[pri:0, instance:com.unosquare.FirstAPITest@72cde7cc]" started-at="2022-02-15T10:40:39 CST" name="beforeMethod" finished-at="2022-02-15T10:40:39 CST" duration-ms="4" status="PASS">
          <reporter-output>
          </reporter-output>
        </test-method> <!-- beforeMethod -->
        <test-method signature="f()[pri:0, instance:com.unosquare.FirstAPITest@72cde7cc]" started-at="2022-02-15T10:40:39 CST" name="f" finished-at="2022-02-15T10:40:41 CST" duration-ms="2078" status="PASS">
          <reporter-output>
            <line>
              <![CDATA[Sucess 200 validation]]>
            </line>
            <line>
              <![CDATA[{"data":{"id":2,"email":"janet.weaver@reqres.in","first_name":"Janet","last_name":"Weaver","avatar":"https://reqres.in/img/faces/2-image.jpg"},"support":{"url":"https://reqres.in/#support-heading","text":"To keep ReqRes free, contributions towards server costs are appreciated!"}}]]>
            </line>
          </reporter-output>
        </test-method> <!-- f -->
        <test-method is-config="true" signature="beforeMethod()[pri:0, instance:com.unosquare.FirstAPITest@72cde7cc]" started-at="2022-02-15T10:40:41 CST" name="beforeMethod" finished-at="2022-02-15T10:40:41 CST" duration-ms="0" status="PASS">
          <reporter-output>
          </reporter-output>
        </test-method> <!-- beforeMethod -->
        <test-method signature="f_Gherkin()[pri:0, instance:com.unosquare.FirstAPITest@72cde7cc]" started-at="2022-02-15T10:40:41 CST" name="f_Gherkin" finished-at="2022-02-15T10:40:41 CST" duration-ms="345" status="PASS">
          <reporter-output>
            <line>
              <![CDATA[Sucess 200 validation]]>
            </line>
          </reporter-output>
        </test-method> <!-- f_Gherkin -->
      </class> <!-- com.unosquare.FirstAPITest -->
    </test> <!-- Default test -->
  </suite> <!-- Default suite -->
</testng-results>
